android/android-native-tory/app/build/intermediates/manifest_merge_blame_file/debug/manifest-merger-blame-debug-report.txt
1<?xml version="1.0" encoding="utf-8"?>
2<manifest xmlns:android="http://schemas.android.com/apk/res/android"
3    package="com.tnmeta.torymeta"
4    android:versionCode="260011"
5    android:versionName="2.6.011" >
6
7    <uses-sdk
8        android:minSdkVersion="26"
8-->src/main/AndroidManifest.xml
9        android:targetSdkVersion="33" />
9-->src/main/AndroidManifest.xml
10
11    <uses-permission android:name="android.permission.PACKAGE_USAGE_STATS" />
11-->src/main/AndroidManifest.xml:5:5-7:47
11-->src/main/AndroidManifest.xml:6:9-62
12    <uses-permission android:name="android.permission.INTERNET" />
12-->src/main/AndroidManifest.xml:8:5-67
12-->src/main/AndroidManifest.xml:8:22-64
13    <uses-permission android:name="android.permission.ACCESS_NETWORK_STATE" />
13-->src/main/AndroidManifest.xml:9:5-79
13-->src/main/AndroidManifest.xml:9:22-76
14    <uses-permission android:name="android.permission.ACCESS_FINE_LOCATION" />
14-->src/main/AndroidManifest.xml:10:5-79
14-->src/main/AndroidManifest.xml:10:22-76
15    <uses-permission android:name="android.permission.ACCESS_COARSE_LOCATION" />
15-->src/main/AndroidManifest.xml:11:5-81
15-->src/main/AndroidManifest.xml:11:22-78
16    <uses-permission android:name="android.permission.CAMERA" />
16-->src/main/AndroidManifest.xml:12:5-65
16-->src/main/AndroidManifest.xml:12:22-62
17    <uses-permission android:name="android.permission.RECORD_AUDIO" />
17-->src/main/AndroidManifest.xml:13:5-71
17-->src/main/AndroidManifest.xml:13:22-68
18    <uses-permission android:name="android.permission.MODIFY_AUDIO_SETTINGS" />
18-->src/main/AndroidManifest.xml:14:5-80
18-->src/main/AndroidManifest.xml:14:22-77
19    <uses-permission
19-->src/main/AndroidManifest.xml:15:5-17:38
20        android:name="android.permission.READ_EXTERNAL_STORAGE"
20-->src/main/AndroidManifest.xml:16:9-64
21        android:maxSdkVersion="32" />
21-->src/main/AndroidManifest.xml:17:9-35
22    <uses-permission
22-->src/main/AndroidManifest.xml:18:5-20:38
23        android:name="android.permission.WRITE_EXTERNAL_STORAGE"
23-->src/main/AndroidManifest.xml:19:9-65
24        android:maxSdkVersion="32" />
24-->src/main/AndroidManifest.xml:20:9-35
25    <uses-permission android:name="android.permission.READ_CONTACTS" />
25-->src/main/AndroidManifest.xml:21:5-72
25-->src/main/AndroidManifest.xml:21:22-69
26    <uses-permission android:name="android.permission.BODY_SENSORS" />
26-->src/main/AndroidManifest.xml:22:5-71
26-->src/main/AndroidManifest.xml:22:22-68
27    <uses-permission android:name="android.permission.RECEIVE_BOOT_COMPLETED" />
27-->src/main/AndroidManifest.xml:23:5-81
27-->src/main/AndroidManifest.xml:23:22-78
28    <uses-permission android:name="android.permission.ACTIVITY_RECOGNITION" />
28-->src/main/AndroidManifest.xml:24:5-79
28-->src/main/AndroidManifest.xml:24:22-76
29    <uses-permission android:name="android.permission.POST_NOTIFICATIONS" />
29-->src/main/AndroidManifest.xml:25:5-77
29-->src/main/AndroidManifest.xml:25:22-74
30    <uses-permission android:name="android.permission.READ_MEDIA_IMAGES" />
30-->src/main/AndroidManifest.xml:26:5-76
30-->src/main/AndroidManifest.xml:26:22-73
31
32    <uses-feature android:name="android.hardware.sensor.stepcounter" />
32-->src/main/AndroidManifest.xml:28:5-72
32-->src/main/AndroidManifest.xml:28:19-69
33    <uses-feature
33-->src/main/AndroidManifest.xml:29:5-31:36
34        android:name="android.hardware.camera"
34-->src/main/AndroidManifest.xml:30:9-47
35        android:required="false" />
35-->src/main/AndroidManifest.xml:31:9-33
36
37    <uses-permission android:name="com.android.vending.BILLING" />
37-->[com.android.billingclient:billing-ktx:5.1.0] AndroidManifest.xml:9:5-67
37-->[com.android.billingclient:billing-ktx:5.1.0] AndroidManifest.xml:9:22-64
38
39    <uses-feature
39-->[com.naver.maps:map-sdk:3.16.0] AndroidManifest.xml:12:5-14:36
40        android:name="android.hardware.wifi"
40-->[com.naver.maps:map-sdk:3.16.0] AndroidManifest.xml:13:9-45
41        android:required="false" />
41-->[com.naver.maps:map-sdk:3.16.0] AndroidManifest.xml:14:9-33
42
43    <uses-permission android:name="android.permission.ACCESS_WIFI_STATE" />
43-->[com.naver.maps:map-sdk:3.16.0] AndroidManifest.xml:18:5-76
43-->[com.naver.maps:map-sdk:3.16.0] AndroidManifest.xml:18:22-73
44    <uses-permission android:name="android.permission.WAKE_LOCK" /> <!-- Required by older versions of Google Play services to create IID tokens -->
44-->[com.google.firebase:firebase-messaging:23.2.0] AndroidManifest.xml:26:5-68
44-->[com.google.firebase:firebase-messaging:23.2.0] AndroidManifest.xml:26:22-65
45    <uses-permission android:name="com.google.android.c2dm.permission.RECEIVE" />
45-->[com.google.firebase:firebase-messaging:23.2.0] AndroidManifest.xml:28:5-82
45-->[com.google.firebase:firebase-messaging:23.2.0] AndroidManifest.xml:28:22-79
46    <uses-permission android:name="com.google.android.gms.permission.AD_ID" />
46-->[com.google.android.gms:play-services-measurement-api:21.3.0] AndroidManifest.xml:25:5-79
46-->[com.google.android.gms:play-services-measurement-api:21.3.0] AndroidManifest.xml:25:22-76
47    <uses-permission android:name="com.google.android.finsky.permission.BIND_GET_INSTALL_REFERRER_SERVICE" />
47-->[com.google.android.gms:play-services-measurement:21.3.0] AndroidManifest.xml:26:5-110
47-->[com.google.android.gms:play-services-measurement:21.3.0] AndroidManifest.xml:26:22-107
48    <uses-permission android:name="android.permission.FOREGROUND_SERVICE" />
48-->[androidx.work:work-runtime:2.7.1] AndroidManifest.xml:28:5-77
48-->[androidx.work:work-runtime:2.7.1] AndroidManifest.xml:28:22-74
49
50    <uses-feature android:glEsVersion="0x00030000" />
50-->[:unityLibrary] AndroidManifest.xml:8:5-54
50-->[:unityLibrary] AndroidManifest.xml:8:19-51
51    <uses-feature
51-->[:unityLibrary] AndroidManifest.xml:9:5-11:36
52        android:name="android.hardware.type.pc"
52-->[:unityLibrary] AndroidManifest.xml:10:9-48
53        android:required="false" />
53-->[:unityLibrary] AndroidManifest.xml:11:9-33
54    <uses-feature
54-->[:unityLibrary] AndroidManifest.xml:19:5-21:36
55        android:name="android.hardware.camera.autofocus"
55-->[:unityLibrary] AndroidManifest.xml:20:9-57
56        android:required="false" />
56-->[:unityLibrary] AndroidManifest.xml:21:9-33
57    <uses-feature
57-->[:unityLibrary] AndroidManifest.xml:22:5-24:36
58        android:name="android.hardware.camera.front"
58-->[:unityLibrary] AndroidManifest.xml:23:9-53
59        android:required="false" />
59-->[:unityLibrary] AndroidManifest.xml:24:9-33
60    <uses-feature
60-->[:unityLibrary] AndroidManifest.xml:25:5-27:36
61        android:name="android.hardware.touchscreen"
61-->[:unityLibrary] AndroidManifest.xml:26:9-52
62        android:required="false" />
62-->[:unityLibrary] AndroidManifest.xml:27:9-33
63    <uses-feature
63-->[:unityLibrary] AndroidManifest.xml:28:5-30:36
64        android:name="android.hardware.touchscreen.multitouch"
64-->[:unityLibrary] AndroidManifest.xml:29:9-63
65        android:required="false" />
65-->[:unityLibrary] AndroidManifest.xml:30:9-33
66    <uses-feature
66-->[:unityLibrary] AndroidManifest.xml:31:5-33:36
67        android:name="android.hardware.touchscreen.multitouch.distinct"
67-->[:unityLibrary] AndroidManifest.xml:32:9-72
68        android:required="false" />
68-->[:unityLibrary] AndroidManifest.xml:33:9-33
69    <!--
70    This has been added to conform with requirement from Android 11 (API level 30) onwards
71    (http://screen/9iGdBMRWDmVbRJ6), after getting confirmation in http://yaqs/995038231927980032#a1
72    -->
73    <queries>
73-->[com.android.billingclient:billing:5.1.0] AndroidManifest.xml:16:5-20:15
74        <intent>
74-->[com.android.billingclient:billing:5.1.0] AndroidManifest.xml:17:9-19:18
75            <action android:name="com.android.vending.billing.InAppBillingService.BIND" />
75-->[com.android.billingclient:billing:5.1.0] AndroidManifest.xml:18:13-91
75-->[com.android.billingclient:billing:5.1.0] AndroidManifest.xml:18:21-88
76        </intent>
77    </queries>
78
79    <uses-permission android:name="android.permission.BLUETOOTH" />
79-->[:unityLibrary:AgoraRtcEngineKit.plugin] AndroidManifest.xml:12:5-68
79-->[:unityLibrary:AgoraRtcEngineKit.plugin] AndroidManifest.xml:12:22-65
80    <uses-permission android:name="android.permission.READ_PHONE_STATE" />
81
82    <application
82-->src/main/AndroidManifest.xml:33:5-292:19
83        android:name="com.tnmeta.torymeta.ToryApplication"
83-->src/main/AndroidManifest.xml:34:9-40
84        android:allowBackup="false"
84-->src/main/AndroidManifest.xml:35:9-36
85        android:appComponentFactory="androidx.core.app.CoreComponentFactory"
85-->[androidx.core:core:1.8.0] AndroidManifest.xml:24:18-86
86        android:debuggable="true"
87        android:extractNativeLibs="true"
87-->[:unityLibrary] AndroidManifest.xml:35:18-50
88        android:fullBackupContent="false"
88-->src/main/AndroidManifest.xml:36:9-42
89        android:icon="@mipmap/ic_launcher"
89-->src/main/AndroidManifest.xml:37:9-43
90        android:label="@string/app_name"
90-->src/main/AndroidManifest.xml:38:9-41
91        android:largeHeap="true"
91-->src/main/AndroidManifest.xml:39:9-33
92        android:requestLegacyExternalStorage="true"
92-->[:unityLibrary:AgoraRtcEngineKit.plugin] AndroidManifest.xml:17:18-61
93        android:roundIcon="@mipmap/ic_launcher_round"
93-->src/main/AndroidManifest.xml:40:9-54
94        android:supportsRtl="true"
94-->src/main/AndroidManifest.xml:41:9-35
95        android:theme="@style/splashscreen"
95-->src/main/AndroidManifest.xml:42:9-44
96        android:usesCleartextTraffic="true" >
96-->src/main/AndroidManifest.xml:43:9-44
97        <activity
97-->src/main/AndroidManifest.xml:45:9-47:40
98            android:name="com.tnmeta.torymeta.seminar.SeminarRoomViewActivity"
98-->src/main/AndroidManifest.xml:46:13-60
99            android:exported="false" />
99-->src/main/AndroidManifest.xml:47:13-37
100
101        <meta-data
101-->src/main/AndroidManifest.xml:49:9-51:56
102            android:name="com.naver.maps.map.CLIENT_ID"
102-->src/main/AndroidManifest.xml:50:13-56
103            android:value="@string/naver_map_client" />
103-->src/main/AndroidManifest.xml:51:13-53
104
105        <activity
105-->src/main/AndroidManifest.xml:53:9-68:20
106            android:name="com.tnmeta.torymeta.intro.SplashActivity"
106-->src/main/AndroidManifest.xml:54:13-49
107            android:configChanges="orientation|keyboardHidden|screenSize"
107-->src/main/AndroidManifest.xml:55:13-74
108            android:exported="true"
108-->src/main/AndroidManifest.xml:56:13-36
109            android:screenOrientation="portrait"
109-->src/main/AndroidManifest.xml:57:13-49
110            android:theme="@style/AppTheme.Tory.White" >
110-->src/main/AndroidManifest.xml:58:13-55
111            <intent-filter>
111-->src/main/AndroidManifest.xml:59:13-63:29
112                <action android:name="android.intent.action.MAIN" />
112-->src/main/AndroidManifest.xml:60:17-69
112-->src/main/AndroidManifest.xml:60:25-66
113
114                <category android:name="android.intent.category.LAUNCHER" />
114-->src/main/AndroidManifest.xml:62:17-77
114-->src/main/AndroidManifest.xml:62:27-74
115            </intent-filter>
116
117            <meta-data
117-->src/main/AndroidManifest.xml:65:13-67:36
118                android:name="android.app.lib_name"
118-->src/main/AndroidManifest.xml:66:17-52
119                android:value="" />
119-->src/main/AndroidManifest.xml:67:17-33
120        </activity>
121        <activity
121-->src/main/AndroidManifest.xml:69:9-74:58
122            android:name="com.tnmeta.torymeta.MainBaseActivity"
122-->src/main/AndroidManifest.xml:70:13-45
123            android:configChanges="orientation|keyboardHidden|screenSize"
123-->src/main/AndroidManifest.xml:71:13-74
124            android:exported="true"
124-->src/main/AndroidManifest.xml:72:13-36
125            android:screenOrientation="portrait"
125-->src/main/AndroidManifest.xml:73:13-49
126            android:theme="@style/AppTheme.Tory.White" />
126-->src/main/AndroidManifest.xml:74:13-55
127        <activity
127-->src/main/AndroidManifest.xml:75:9-80:58
128            android:name="com.tnmeta.torymeta.intro.PermissionInfoActivity"
128-->src/main/AndroidManifest.xml:76:13-57
129            android:configChanges="orientation|keyboardHidden|screenSize"
129-->src/main/AndroidManifest.xml:77:13-74
130            android:exported="false"
130-->src/main/AndroidManifest.xml:78:13-37
131            android:screenOrientation="portrait"
131-->src/main/AndroidManifest.xml:79:13-49
132            android:theme="@style/AppTheme.Tory.White" />
132-->src/main/AndroidManifest.xml:80:13-55
133        <activity
133-->src/main/AndroidManifest.xml:81:9-85:51
134            android:name="com.tnmeta.torymeta.web.ToryWebActivity"
134-->src/main/AndroidManifest.xml:82:13-48
135            android:configChanges="orientation|keyboardHidden|screenSize"
135-->src/main/AndroidManifest.xml:83:13-74
136            android:screenOrientation="portrait"
136-->src/main/AndroidManifest.xml:84:13-49
137            android:theme="@style/AppTheme.Web" />
137-->src/main/AndroidManifest.xml:85:13-48
138        <activity
138-->src/main/AndroidManifest.xml:86:9-90:51
139            android:name="com.tnmeta.torymeta.web.ToryWebViewActivity"
139-->src/main/AndroidManifest.xml:87:13-52
140            android:configChanges="orientation|keyboardHidden|screenSize"
140-->src/main/AndroidManifest.xml:88:13-74
141            android:screenOrientation="portrait"
141-->src/main/AndroidManifest.xml:89:13-49
142            android:theme="@style/AppTheme.Web" />
142-->src/main/AndroidManifest.xml:90:13-48
143        <activity
143-->src/main/AndroidManifest.xml:91:9-95:58
144            android:name="com.tnmeta.torymeta.intro.OnboardingActivity"
144-->src/main/AndroidManifest.xml:92:13-53
145            android:configChanges="orientation|keyboardHidden|screenSize"
145-->src/main/AndroidManifest.xml:93:13-74
146            android:screenOrientation="portrait"
146-->src/main/AndroidManifest.xml:94:13-49
147            android:theme="@style/AppTheme.Tory.White" />
147-->src/main/AndroidManifest.xml:95:13-55
148        <activity
148-->src/main/AndroidManifest.xml:96:9-100:58
149            android:name="com.tnmeta.torymeta.intro.UniversitySelectActivity"
149-->src/main/AndroidManifest.xml:97:13-59
150            android:configChanges="orientation|keyboardHidden|screenSize"
150-->src/main/AndroidManifest.xml:98:13-74
151            android:screenOrientation="portrait"
151-->src/main/AndroidManifest.xml:99:13-49
152            android:theme="@style/AppTheme.Tory.White" />
152-->src/main/AndroidManifest.xml:100:13-55
153        <activity
153-->src/main/AndroidManifest.xml:101:9-105:58
154            android:name="com.tnmeta.torymeta.talk.ToryTalkActivity"
154-->src/main/AndroidManifest.xml:102:13-50
155            android:configChanges="orientation|keyboardHidden|screenSize"
155-->src/main/AndroidManifest.xml:103:13-74
156            android:screenOrientation="portrait"
156-->src/main/AndroidManifest.xml:104:13-49
157            android:theme="@style/AppTheme.Tory.White" />
157-->src/main/AndroidManifest.xml:105:13-55
158        <activity
158-->src/main/AndroidManifest.xml:106:9-110:58
159            android:name="com.tnmeta.torymeta.talk.FriendListActivity"
159-->src/main/AndroidManifest.xml:107:13-52
160            android:configChanges="orientation|keyboardHidden|screenSize"
160-->src/main/AndroidManifest.xml:108:13-74
161            android:screenOrientation="portrait"
161-->src/main/AndroidManifest.xml:109:13-49
162            android:theme="@style/AppTheme.Tory.White" />
162-->src/main/AndroidManifest.xml:110:13-55
163        <activity
163-->src/main/AndroidManifest.xml:111:9-116:58
164            android:name="com.tnmeta.torymeta.campus.PedometerActivity"
164-->src/main/AndroidManifest.xml:112:13-53
165            android:configChanges="orientation|keyboardHidden|screenSize"
165-->src/main/AndroidManifest.xml:113:13-74
166            android:exported="false"
166-->src/main/AndroidManifest.xml:114:13-37
167            android:screenOrientation="portrait"
167-->src/main/AndroidManifest.xml:115:13-49
168            android:theme="@style/AppTheme.Tory.White" />
168-->src/main/AndroidManifest.xml:116:13-55
169        <activity
169-->src/main/AndroidManifest.xml:117:9-122:59
170            android:name="com.tnmeta.torymeta.campus.CampusActivity"
170-->src/main/AndroidManifest.xml:118:13-50
171            android:configChanges="orientation|keyboardHidden|screenSize"
171-->src/main/AndroidManifest.xml:119:13-74
172            android:exported="false"
172-->src/main/AndroidManifest.xml:120:13-37
173            android:screenOrientation="portrait"
173-->src/main/AndroidManifest.xml:121:13-49
174            android:theme="@style/AppTheme.Tory.Purple" />
174-->src/main/AndroidManifest.xml:122:13-56
175        <activity
175-->src/main/AndroidManifest.xml:123:9-127:58
176            android:name="com.tnmeta.torymeta.unity.UnityCharacterActivity"
176-->src/main/AndroidManifest.xml:124:13-57
177            android:exported="false"
177-->src/main/AndroidManifest.xml:125:13-37
178            android:screenOrientation="portrait"
178-->src/main/AndroidManifest.xml:126:13-49
179            android:theme="@style/AppTheme.Tory.White" />
179-->src/main/AndroidManifest.xml:127:13-55
180        <activity
180-->src/main/AndroidManifest.xml:128:9-132:58
181            android:name="com.tnmeta.torymeta.campus.ToryAvatarActivity"
181-->src/main/AndroidManifest.xml:129:13-54
182            android:exported="false"
182-->src/main/AndroidManifest.xml:130:13-37
183            android:screenOrientation="portrait"
183-->src/main/AndroidManifest.xml:131:13-49
184            android:theme="@style/AppTheme.Tory.White" />
184-->src/main/AndroidManifest.xml:132:13-55
185        <activity
185-->src/main/AndroidManifest.xml:133:9-137:58
186            android:name="com.tnmeta.torymeta.talk.FriendSearchActivity"
186-->src/main/AndroidManifest.xml:134:13-54
187            android:configChanges="orientation|keyboardHidden|screenSize"
187-->src/main/AndroidManifest.xml:135:13-74
188            android:screenOrientation="portrait"
188-->src/main/AndroidManifest.xml:136:13-49
189            android:theme="@style/AppTheme.Tory.White" />
189-->src/main/AndroidManifest.xml:137:13-55
190        <activity
190-->src/main/AndroidManifest.xml:138:9-143:58
191            android:name="com.tnmeta.torymeta.talk.ChattingActivity"
191-->src/main/AndroidManifest.xml:139:13-50
192            android:configChanges="orientation|keyboardHidden|screenSize"
192-->src/main/AndroidManifest.xml:140:13-74
193            android:exported="false"
193-->src/main/AndroidManifest.xml:141:13-37
194            android:screenOrientation="portrait"
194-->src/main/AndroidManifest.xml:142:13-49
195            android:theme="@style/AppTheme.Tory.White" />
195-->src/main/AndroidManifest.xml:143:13-55
196        <activity
196-->src/main/AndroidManifest.xml:144:9-149:58
197            android:name="com.tnmeta.torymeta.talk.FriendInviteActivity"
197-->src/main/AndroidManifest.xml:145:13-54
198            android:configChanges="orientation|keyboardHidden|screenSize"
198-->src/main/AndroidManifest.xml:146:13-74
199            android:exported="false"
199-->src/main/AndroidManifest.xml:147:13-37
200            android:screenOrientation="portrait"
200-->src/main/AndroidManifest.xml:148:13-49
201            android:theme="@style/AppTheme.Tory.White" />
201-->src/main/AndroidManifest.xml:149:13-55
202        <activity
202-->src/main/AndroidManifest.xml:150:9-154:58
203            android:name="com.tnmeta.torymeta.my_page.ShopActivity"
203-->src/main/AndroidManifest.xml:151:13-49
204            android:configChanges="orientation|keyboardHidden|screenSize"
204-->src/main/AndroidManifest.xml:152:13-74
205            android:screenOrientation="portrait"
205-->src/main/AndroidManifest.xml:153:13-49
206            android:theme="@style/AppTheme.Tory.White" />
206-->src/main/AndroidManifest.xml:154:13-55
207        <activity
207-->src/main/AndroidManifest.xml:155:9-159:58
208            android:name="com.tnmeta.torymeta.my_page.profile.ProfileActivity"
208-->src/main/AndroidManifest.xml:156:13-60
209            android:configChanges="orientation|keyboardHidden|screenSize"
209-->src/main/AndroidManifest.xml:157:13-74
210            android:screenOrientation="portrait"
210-->src/main/AndroidManifest.xml:158:13-49
211            android:theme="@style/AppTheme.Tory.White" />
211-->src/main/AndroidManifest.xml:159:13-55
212        <activity
212-->src/main/AndroidManifest.xml:160:9-164:58
213            android:name="com.tnmeta.torymeta.my_page.profile.NFTCollectionActivity"
213-->src/main/AndroidManifest.xml:161:13-66
214            android:configChanges="orientation|keyboardHidden|screenSize"
214-->src/main/AndroidManifest.xml:162:13-74
215            android:screenOrientation="portrait"
215-->src/main/AndroidManifest.xml:163:13-49
216            android:theme="@style/AppTheme.Tory.White" />
216-->src/main/AndroidManifest.xml:164:13-55
217        <activity
217-->src/main/AndroidManifest.xml:165:9-169:58
218            android:name="com.tnmeta.torymeta.my_page.profile.DefaultCollectionActivity"
218-->src/main/AndroidManifest.xml:166:13-70
219            android:configChanges="orientation|keyboardHidden|screenSize"
219-->src/main/AndroidManifest.xml:167:13-74
220            android:screenOrientation="portrait"
220-->src/main/AndroidManifest.xml:168:13-49
221            android:theme="@style/AppTheme.Tory.White" />
221-->src/main/AndroidManifest.xml:169:13-55
222        <activity
222-->src/main/AndroidManifest.xml:170:9-174:58
223            android:name="com.tnmeta.torymeta.my_page.NotificationSettingActivity"
223-->src/main/AndroidManifest.xml:171:13-64
224            android:configChanges="orientation|keyboardHidden|screenSize"
224-->src/main/AndroidManifest.xml:172:13-74
225            android:screenOrientation="portrait"
225-->src/main/AndroidManifest.xml:173:13-49
226            android:theme="@style/AppTheme.Tory.White" />
226-->src/main/AndroidManifest.xml:174:13-55
227        <activity
227-->src/main/AndroidManifest.xml:175:9-180:58
228            android:name="com.tnmeta.torymeta.my_page.tory.ToryChargeActivity"
228-->src/main/AndroidManifest.xml:176:13-60
229            android:configChanges="orientation|keyboardHidden|screenSize"
229-->src/main/AndroidManifest.xml:177:13-74
230            android:exported="false"
230-->src/main/AndroidManifest.xml:178:13-37
231            android:screenOrientation="portrait"
231-->src/main/AndroidManifest.xml:179:13-49
232            android:theme="@style/AppTheme.Tory.White" />
232-->src/main/AndroidManifest.xml:180:13-55
233        <activity
233-->src/main/AndroidManifest.xml:181:9-186:58
234            android:name="com.tnmeta.torymeta.my_page.mileage.MileagePointTransactionHistoryActivity"
234-->src/main/AndroidManifest.xml:182:13-83
235            android:configChanges="orientation|keyboardHidden|screenSize"
235-->src/main/AndroidManifest.xml:183:13-74
236            android:exported="false"
236-->src/main/AndroidManifest.xml:184:13-37
237            android:screenOrientation="portrait"
237-->src/main/AndroidManifest.xml:185:13-49
238            android:theme="@style/AppTheme.Tory.White" />
238-->src/main/AndroidManifest.xml:186:13-55
239        <activity
239-->src/main/AndroidManifest.xml:187:9-192:58
240            android:name="com.tnmeta.torymeta.my_page.MyPageActivity"
240-->src/main/AndroidManifest.xml:188:13-51
241            android:configChanges="orientation|keyboardHidden|screenSize"
241-->src/main/AndroidManifest.xml:189:13-74
242            android:exported="false"
242-->src/main/AndroidManifest.xml:190:13-37
243            android:screenOrientation="portrait"
243-->src/main/AndroidManifest.xml:191:13-49
244            android:theme="@style/AppTheme.Tory.White" />
244-->src/main/AndroidManifest.xml:192:13-55
245        <activity
245-->src/main/AndroidManifest.xml:193:9-198:58
246            android:name="com.tnmeta.torymeta.seminar.CreateSeminarActivity"
246-->src/main/AndroidManifest.xml:194:13-58
247            android:configChanges="orientation|keyboardHidden|screenSize"
247-->src/main/AndroidManifest.xml:195:13-74
248            android:exported="false"
248-->src/main/AndroidManifest.xml:196:13-37
249            android:screenOrientation="portrait"
249-->src/main/AndroidManifest.xml:197:13-49
250            android:theme="@style/AppTheme.Tory.White" />
250-->src/main/AndroidManifest.xml:198:13-55
251        <activity
251-->src/main/AndroidManifest.xml:199:9-204:58
252            android:name="com.tnmeta.torymeta.seminar.ModifySeminarActivity"
252-->src/main/AndroidManifest.xml:200:13-58
253            android:configChanges="orientation|keyboardHidden|screenSize"
253-->src/main/AndroidManifest.xml:201:13-74
254            android:exported="false"
254-->src/main/AndroidManifest.xml:202:13-37
255            android:screenOrientation="portrait"
255-->src/main/AndroidManifest.xml:203:13-49
256            android:theme="@style/AppTheme.Tory.White" />
256-->src/main/AndroidManifest.xml:204:13-55
257        <activity
257-->src/main/AndroidManifest.xml:205:9-210:58
258            android:name="com.tnmeta.torymeta.seminar.activity.SeminarDetailActivity"
258-->src/main/AndroidManifest.xml:206:13-67
259            android:configChanges="orientation|keyboardHidden|screenSize"
259-->src/main/AndroidManifest.xml:207:13-74
260            android:exported="false"
260-->src/main/AndroidManifest.xml:208:13-37
261            android:screenOrientation="portrait"
261-->src/main/AndroidManifest.xml:209:13-49
262            android:theme="@style/AppTheme.Tory.White" />
262-->src/main/AndroidManifest.xml:210:13-55
263        <activity
263-->src/main/AndroidManifest.xml:211:9-216:58
264            android:name="com.tnmeta.torymeta.seminar.activity.SeminarScheduleActivity"
264-->src/main/AndroidManifest.xml:212:13-69
265            android:configChanges="orientation|keyboardHidden|screenSize"
265-->src/main/AndroidManifest.xml:213:13-74
266            android:exported="false"
266-->src/main/AndroidManifest.xml:214:13-37
267            android:screenOrientation="portrait"
267-->src/main/AndroidManifest.xml:215:13-49
268            android:theme="@style/AppTheme.Tory.White" />
268-->src/main/AndroidManifest.xml:216:13-55
269        <activity
269-->src/main/AndroidManifest.xml:217:9-226:20
270            android:name="com.tnmeta.torymeta.push.PushInfoActivity"
270-->src/main/AndroidManifest.xml:218:13-50
271            android:exported="false"
271-->src/main/AndroidManifest.xml:219:13-37
272            android:theme="@style/Theme.Transparent" >
272-->src/main/AndroidManifest.xml:220:13-53
273            <intent-filter>
273-->src/main/AndroidManifest.xml:221:13-225:29
274                <action android:name="FCM_PLUGIN_ACTIVITY" />
274-->src/main/AndroidManifest.xml:222:17-62
274-->src/main/AndroidManifest.xml:222:25-59
275
276                <category android:name="android.intent.category.DEFAULT" />
276-->src/main/AndroidManifest.xml:224:17-76
276-->src/main/AndroidManifest.xml:224:27-73
277            </intent-filter>
278        </activity>
279        <activity
279-->src/main/AndroidManifest.xml:227:9-231:50
280            android:name="com.tnmeta.torymeta.chattinglounge.ChattingLoungeCreateActivity"
280-->src/main/AndroidManifest.xml:228:13-72
281            android:exported="false"
281-->src/main/AndroidManifest.xml:229:13-37
282            android:screenOrientation="landscape"
282-->src/main/AndroidManifest.xml:230:13-50
283            android:theme="@style/Transparent" />
283-->src/main/AndroidManifest.xml:231:13-47
284        <activity
284-->src/main/AndroidManifest.xml:232:9-236:50
285            android:name="com.tnmeta.torymeta.chattinglounge.ChattingLoungeReportActivity"
285-->src/main/AndroidManifest.xml:233:13-72
286            android:exported="false"
286-->src/main/AndroidManifest.xml:234:13-37
287            android:screenOrientation="landscape"
287-->src/main/AndroidManifest.xml:235:13-50
288            android:theme="@style/Transparent" />
288-->src/main/AndroidManifest.xml:236:13-47
289        <activity
289-->src/main/AndroidManifest.xml:237:9-241:50
290            android:name="com.tnmeta.torymeta.chattinglounge.ChattingPasswordActivity"
290-->src/main/AndroidManifest.xml:238:13-68
291            android:exported="false"
291-->src/main/AndroidManifest.xml:239:13-37
292            android:screenOrientation="landscape"
292-->src/main/AndroidManifest.xml:240:13-50
293            android:theme="@style/Transparent" />
293-->src/main/AndroidManifest.xml:241:13-47
294        <activity
294-->src/main/AndroidManifest.xml:242:9-246:50
295            android:name="com.tnmeta.torymeta.chattinglounge.ChattingLougeListActivity"
295-->src/main/AndroidManifest.xml:243:13-69
296            android:exported="false"
296-->src/main/AndroidManifest.xml:244:13-37
297            android:screenOrientation="landscape"
297-->src/main/AndroidManifest.xml:245:13-50
298            android:theme="@style/Transparent" />
298-->src/main/AndroidManifest.xml:246:13-47
299        <activity
299-->src/main/AndroidManifest.xml:247:9-251:50
300            android:name="com.tnmeta.torymeta.chattinglounge.ParticipantsListActivity"
300-->src/main/AndroidManifest.xml:248:13-68
301            android:exported="false"
301-->src/main/AndroidManifest.xml:249:13-37
302            android:screenOrientation="landscape"
302-->src/main/AndroidManifest.xml:250:13-50
303            android:theme="@style/Transparent" />
303-->src/main/AndroidManifest.xml:251:13-47
304        <activity
304-->src/main/AndroidManifest.xml:252:9-256:50